<?xml version="1.0" encoding="UTF-8"?>
<!-- Generated by org.testng.reporters.JUnitReportReporter -->
<testsuite hostname="DESKTOP-38DB4EH" failures="0" tests="1" name="Sample" time="43.954" errors="0" timestamp="2023-11-27T23:35:59 IST" skipped="0">
  <testcase classname="Sample" name="launcg" time="43.954"/>
</testsuite> <!-- Sample -->
