<?xml version="1.0" encoding="UTF-8"?>
<!-- Generated by org.testng.reporters.JUnitReportReporter -->
<testsuite hostname="DESKTOP-38DB4EH" failures="0" tests="1" name="com.guruBanking.testcases.TC_AddCustomerTest_003" time="56.621" errors="0" timestamp="2023-12-02T16:15:25 IST" skipped="0">
  <testcase classname="com.guruBanking.testcases.TC_AddCustomerTest_003" name="addNewCustomer" time="56.621"/>
</testsuite> <!-- com.guruBanking.testcases.TC_AddCustomerTest_003 -->
