<?xml version="1.0" encoding="UTF-8"?>
<!-- Generated by org.testng.reporters.JUnitReportReporter -->
<testsuite hostname="DESKTOP-38DB4EH" failures="0" tests="1" name="com.guruBanking.testcases.TC_LoginTest_001" time="18.576" errors="0" timestamp="2023-12-02T16:15:25 IST" skipped="0">
  <testcase classname="com.guruBanking.testcases.TC_LoginTest_001" name="loginTest" time="18.576"/>
</testsuite> <!-- com.guruBanking.testcases.TC_LoginTest_001 -->
