<?xml version="1.0" encoding="UTF-8"?>
<!-- Generated by org.testng.reporters.JUnitReportReporter -->
<testsuite hostname="DESKTOP-38DB4EH" failures="0" tests="1" name="com.guruBanking.testcases.TC_EditCustomer_004" time="76.251" errors="0" timestamp="2023-12-03T14:08:17 IST" skipped="0">
  <testcase classname="com.guruBanking.testcases.TC_EditCustomer_004" name="editCustomer" time="76.251"/>
</testsuite> <!-- com.guruBanking.testcases.TC_EditCustomer_004 -->
